  MyForm.cpp
C:\Users\Dima\Desktop\Course_Work\Course_Work\MyClass.h(25,13): warning C4244: инициализация: преобразование "double" в "int", возможна потеря данных
C:\Users\Dima\Desktop\Course_Work\Course_Work\MyClass.h(26,13): warning C4244: инициализация: преобразование "double" в "int", возможна потеря данных
C:\Users\Dima\Desktop\Course_Work\Course_Work\MyClass.h(27,14): warning C4244: инициализация: преобразование "double" в "int", возможна потеря данных
C:\Users\Dima\Desktop\Course_Work\Course_Work\MyClass.h(28,14): warning C4244: инициализация: преобразование "double" в "int", возможна потеря данных
C:\Users\Dima\Desktop\Course_Work\Course_Work\MyClass.h(76,13): warning C4244: инициализация: преобразование "double" в "int", возможна потеря данных
C:\Users\Dima\Desktop\Course_Work\Course_Work\MyClass.h(77,14): warning C4244: инициализация: преобразование "double" в "int", возможна потеря данных
C:\Users\Dima\Desktop\Course_Work\Course_Work\MyClass.h(80,12): warning C4244: инициализация: преобразование "double" в "int", возможна потеря данных
C:\Users\Dima\Desktop\Course_Work\Course_Work\MyClass.h(81,12): warning C4244: инициализация: преобразование "double" в "int", возможна потеря данных
C:\Users\Dima\Desktop\Course_Work\Course_Work\MyClass.h(82,14): warning C4244: инициализация: преобразование "double" в "int", возможна потеря данных
C:\Users\Dima\Desktop\Course_Work\Course_Work\MyClass.h(83,14): warning C4244: инициализация: преобразование "double" в "int", возможна потеря данных
C:\Users\Dima\Desktop\Course_Work\Course_Work\MyClass.h(84,15): warning C4244: инициализация: преобразование "double" в "int", возможна потеря данных
C:\Users\Dima\Desktop\Course_Work\Course_Work\MyClass.h(85,15): warning C4244: инициализация: преобразование "double" в "int", возможна потеря данных
C:\Users\Dima\Desktop\Course_Work\Course_Work\MyClass.h(86,13): warning C4244: инициализация: преобразование "double" в "int", возможна потеря данных
C:\Users\Dima\Desktop\Course_Work\Course_Work\MyClass.h(87,13): warning C4244: инициализация: преобразование "double" в "int", возможна потеря данных
C:\Users\Dima\Desktop\Course_Work\Course_Work\MyClass.h(113,15): warning C4244: инициализация: преобразование "double" в "float", возможна потеря данных
C:\Users\Dima\Desktop\Course_Work\Course_Work\MyClass.h(114,15): warning C4244: инициализация: преобразование "double" в "float", возможна потеря данных
C:\Users\Dima\Desktop\Course_Work\Course_Work\MyClass.h(140,13): warning C4244: инициализация: преобразование "double" в "int", возможна потеря данных
C:\Users\Dima\Desktop\Course_Work\Course_Work\MyClass.h(141,14): warning C4244: инициализация: преобразование "double" в "int", возможна потеря данных
C:\Users\Dima\Desktop\Course_Work\Course_Work\MyClass.h(149,15): warning C4244: инициализация: преобразование "double" в "int", возможна потеря данных
C:\Users\Dima\Desktop\Course_Work\Course_Work\MyClass.h(150,15): warning C4244: инициализация: преобразование "double" в "int", возможна потеря данных
C:\Users\Dima\Desktop\Course_Work\Course_Work\MyClass.h(205,13): warning C4244: инициализация: преобразование "double" в "int", возможна потеря данных
C:\Users\Dima\Desktop\Course_Work\Course_Work\MyClass.h(206,14): warning C4244: инициализация: преобразование "double" в "int", возможна потеря данных
C:\Users\Dima\Desktop\Course_Work\Course_Work\MyClass.h(209,49): warning C4244: аргумент: преобразование "double" в "int", возможна потеря данных
C:\Users\Dima\Desktop\Course_Work\Course_Work\MyClass.h(209,37): warning C4244: аргумент: преобразование "double" в "int", возможна потеря данных
C:\Users\Dima\Desktop\Course_Work\Course_Work\MyClass.h(212,14): warning C4244: инициализация: преобразование "double" в "int", возможна потеря данных
C:\Users\Dima\Desktop\Course_Work\Course_Work\MyClass.h(213,14): warning C4244: инициализация: преобразование "double" в "int", возможна потеря данных
C:\Users\Dima\Desktop\Course_Work\Course_Work\MyClass.h(234,15): warning C4244: инициализация: преобразование "double" в "float", возможна потеря данных
C:\Users\Dima\Desktop\Course_Work\Course_Work\MyClass.h(235,15): warning C4244: инициализация: преобразование "double" в "float", возможна потеря данных
C:\Users\Dima\Desktop\Course_Work\Course_Work\MyClass.h(288,13): warning C4244: инициализация: преобразование "double" в "int", возможна потеря данных
C:\Users\Dima\Desktop\Course_Work\Course_Work\MyClass.h(289,14): warning C4244: инициализация: преобразование "double" в "int", возможна потеря данных
C:\Users\Dima\Desktop\Course_Work\Course_Work\MyClass.h(296,9): warning C4244: инициализация: преобразование "double" в "int", возможна потеря данных
C:\Users\Dima\Desktop\Course_Work\Course_Work\MyClass.h(297,9): warning C4244: инициализация: преобразование "double" в "int", возможна потеря данных
C:\Users\Dima\Desktop\Course_Work\Course_Work\MyClass.h(343,13): warning C4244: инициализация: преобразование "double" в "int", возможна потеря данных
C:\Users\Dima\Desktop\Course_Work\Course_Work\MyClass.h(344,14): warning C4244: инициализация: преобразование "double" в "int", возможна потеря данных
C:\Users\Dima\Desktop\Course_Work\Course_Work\MyClass.h(351,9): warning C4244: инициализация: преобразование "double" в "int", возможна потеря данных
C:\Users\Dima\Desktop\Course_Work\Course_Work\MyClass.h(352,9): warning C4244: инициализация: преобразование "double" в "int", возможна потеря данных
C:\Users\Dima\Desktop\Course_Work\Course_Work\MyClass.h(357,10): warning C4244: инициализация: преобразование "double" в "int", возможна потеря данных
C:\Users\Dima\Desktop\Course_Work\Course_Work\MyClass.h(359,10): warning C4244: инициализация: преобразование "double" в "int", возможна потеря данных
C:\Users\Dima\Desktop\Course_Work\Course_Work\MyClass.h(360,10): warning C4244: инициализация: преобразование "double" в "int", возможна потеря данных
C:\Users\Dima\Desktop\Course_Work\Course_Work\MyClass.h(361,10): warning C4244: инициализация: преобразование "double" в "int", возможна потеря данных
C:\Users\Dima\Desktop\Course_Work\Course_Work\MyClass.h(362,10): warning C4244: инициализация: преобразование "double" в "int", возможна потеря данных
C:\Users\Dima\Desktop\Course_Work\Course_Work\MyClass.h(363,10): warning C4244: инициализация: преобразование "double" в "int", возможна потеря данных
C:\Users\Dima\Desktop\Course_Work\Course_Work\MyClass.h(364,10): warning C4244: инициализация: преобразование "double" в "int", возможна потеря данных
C:\Users\Dima\Desktop\Course_Work\Course_Work\MyClass.h(416,13): warning C4244: инициализация: преобразование "double" в "int", возможна потеря данных
C:\Users\Dima\Desktop\Course_Work\Course_Work\MyClass.h(417,14): warning C4244: инициализация: преобразование "double" в "int", возможна потеря данных
C:\Users\Dima\Desktop\Course_Work\Course_Work\MyClass.h(424,9): warning C4244: инициализация: преобразование "double" в "int", возможна потеря данных
C:\Users\Dima\Desktop\Course_Work\Course_Work\MyClass.h(425,9): warning C4244: инициализация: преобразование "double" в "int", возможна потеря данных
C:\Users\Dima\Desktop\Course_Work\Course_Work\MyClass.h(471,13): warning C4244: инициализация: преобразование "double" в "int", возможна потеря данных
C:\Users\Dima\Desktop\Course_Work\Course_Work\MyClass.h(472,14): warning C4244: инициализация: преобразование "double" в "int", возможна потеря данных
C:\Users\Dima\Desktop\Course_Work\Course_Work\MyClass.h(479,9): warning C4244: инициализация: преобразование "double" в "int", возможна потеря данных
C:\Users\Dima\Desktop\Course_Work\Course_Work\MyClass.h(480,9): warning C4244: инициализация: преобразование "double" в "int", возможна потеря данных
C:\Users\Dima\Desktop\Course_Work\Course_Work\MyClass.h(483,10): warning C4244: инициализация: преобразование "double" в "int", возможна потеря данных
C:\Users\Dima\Desktop\Course_Work\Course_Work\MyClass.h(484,10): warning C4244: инициализация: преобразование "double" в "int", возможна потеря данных
C:\Users\Dima\Desktop\Course_Work\Course_Work\MyClass.h(485,10): warning C4244: инициализация: преобразование "double" в "int", возможна потеря данных
C:\Users\Dima\Desktop\Course_Work\Course_Work\MyClass.h(486,10): warning C4244: инициализация: преобразование "double" в "int", возможна потеря данных
C:\Users\Dima\Desktop\Course_Work\Course_Work\MyClass.h(487,10): warning C4244: инициализация: преобразование "double" в "int", возможна потеря данных
C:\Users\Dima\Desktop\Course_Work\Course_Work\MyClass.h(488,10): warning C4244: инициализация: преобразование "double" в "int", возможна потеря данных
C:\Users\Dima\Desktop\Course_Work\Course_Work\MyClass.h(489,10): warning C4244: инициализация: преобразование "double" в "int", возможна потеря данных
C:\Users\Dima\Desktop\Course_Work\Course_Work\MyClass.h(490,10): warning C4244: инициализация: преобразование "double" в "int", возможна потеря данных
C:\Users\Dima\Desktop\Course_Work\Course_Work\MyClass.h(563,19): warning C4244: инициализация: преобразование "double" в "float", возможна потеря данных
C:\Users\Dima\Desktop\Course_Work\Course_Work\MyClass.h(564,19): warning C4244: инициализация: преобразование "double" в "float", возможна потеря данных
C:\Users\Dima\Desktop\Course_Work\Course_Work\MyClass.h(570,17): warning C4244: инициализация: преобразование "double" в "float", возможна потеря данных
C:\Users\Dima\Desktop\Course_Work\Course_Work\MyClass.h(572,84): warning C4244: аргумент: преобразование "double" в "float", возможна потеря данных
C:\Users\Dima\Desktop\Course_Work\Course_Work\MyClass.h(572,38): warning C4244: аргумент: преобразование "double" в "float", возможна потеря данных
C:\Users\Dima\Desktop\Course_Work\Course_Work\MyClass.h(573,84): warning C4244: аргумент: преобразование "double" в "float", возможна потеря данных
C:\Users\Dima\Desktop\Course_Work\Course_Work\MyClass.h(573,38): warning C4244: аргумент: преобразование "double" в "float", возможна потеря данных
C:\Users\Dima\Desktop\Course_Work\Course_Work\MyClass.h(579,40): warning C4244: аргумент: преобразование "double" в "float", возможна потеря данных
C:\Users\Dima\Desktop\Course_Work\Course_Work\MyClass.h(579,28): warning C4244: аргумент: преобразование "double" в "float", возможна потеря данных
C:\Users\Dima\Desktop\Course_Work\Course_Work\MyClass.h(580,86): warning C4244: аргумент: преобразование "double" в "float", возможна потеря данных
C:\Users\Dima\Desktop\Course_Work\Course_Work\MyClass.h(580,39): warning C4244: аргумент: преобразование "double" в "float", возможна потеря данных
C:\Users\Dima\Desktop\Course_Work\Course_Work\MyClass.h(581,86): warning C4244: аргумент: преобразование "double" в "float", возможна потеря данных
C:\Users\Dima\Desktop\Course_Work\Course_Work\MyClass.h(581,39): warning C4244: аргумент: преобразование "double" в "float", возможна потеря данных
C:\Users\Dima\Desktop\Course_Work\Course_Work\MyClass.h(626,19): warning C4244: инициализация: преобразование "double" в "float", возможна потеря данных
C:\Users\Dima\Desktop\Course_Work\Course_Work\MyClass.h(627,19): warning C4244: инициализация: преобразование "double" в "float", возможна потеря данных
C:\Users\Dima\Desktop\Course_Work\Course_Work\MyClass.h(633,17): warning C4244: инициализация: преобразование "double" в "float", возможна потеря данных
C:\Users\Dima\Desktop\Course_Work\Course_Work\MyClass.h(635,83): warning C4244: аргумент: преобразование "double" в "float", возможна потеря данных
C:\Users\Dima\Desktop\Course_Work\Course_Work\MyClass.h(635,37): warning C4244: аргумент: преобразование "double" в "float", возможна потеря данных
C:\Users\Dima\Desktop\Course_Work\Course_Work\MyClass.h(636,83): warning C4244: аргумент: преобразование "double" в "float", возможна потеря данных
C:\Users\Dima\Desktop\Course_Work\Course_Work\MyClass.h(636,37): warning C4244: аргумент: преобразование "double" в "float", возможна потеря данных
C:\Users\Dima\Desktop\Course_Work\Course_Work\MyClass.h(676,19): warning C4244: инициализация: преобразование "double" в "float", возможна потеря данных
C:\Users\Dima\Desktop\Course_Work\Course_Work\MyClass.h(677,19): warning C4244: инициализация: преобразование "double" в "float", возможна потеря данных
C:\Users\Dima\Desktop\Course_Work\Course_Work\MyClass.h(703,15): warning C4244: инициализация: преобразование "double" в "float", возможна потеря данных
C:\Users\Dima\Desktop\Course_Work\Course_Work\MyClass.h(704,15): warning C4244: инициализация: преобразование "double" в "float", возможна потеря данных
C:\Users\Dima\Desktop\Course_Work\Course_Work\MyForm.h(652,16): warning C4244: инициализация: преобразование "double" в "int", возможна потеря данных
C:\Users\Dima\Desktop\Course_Work\Course_Work\MyForm.h(653,17): warning C4244: инициализация: преобразование "double" в "int", возможна потеря данных
C:\Users\Dima\Desktop\Course_Work\Course_Work\MyForm.h(675,15): warning C4244: инициализация: преобразование "double" в "int", возможна потеря данных
C:\Users\Dima\Desktop\Course_Work\Course_Work\MyForm.h(676,16): warning C4244: инициализация: преобразование "double" в "int", возможна потеря данных
C:\Users\Dima\Desktop\Course_Work\Course_Work\MyForm.h(687,15): warning C4244: инициализация: преобразование "double" в "int", возможна потеря данных
C:\Users\Dima\Desktop\Course_Work\Course_Work\MyForm.h(688,16): warning C4244: инициализация: преобразование "double" в "int", возможна потеря данных
C:\Users\Dima\Desktop\Course_Work\Course_Work\MyForm.h(708,117): warning C4244: =: преобразование "double" в "int", возможна потеря данных
C:\Users\Dima\Desktop\Course_Work\Course_Work\MyForm.h(709,116): warning C4244: =: преобразование "double" в "int", возможна потеря данных
C:\Users\Dima\Desktop\Course_Work\Course_Work\MyForm.h(715,118): warning C4244: =: преобразование "double" в "int", возможна потеря данных
C:\Users\Dima\Desktop\Course_Work\Course_Work\MyForm.h(716,117): warning C4244: =: преобразование "double" в "int", возможна потеря данных
C:\Users\Dima\Desktop\Course_Work\Course_Work\MyClass.h(887): warning C4715: DrawingManager::get_entitie: значение возвращается не при всех путях выполнения
  MyForm.obj : обнаружен модуль MSIL; для MSIL последовательная компоновка отключена; выполняется полная компоновка
  Course_Work.vcxproj -> C:\Users\Dima\Desktop\Course_Work\x64\Debug\Course_Work.exe
